Arguments: 
  /Users/sachin/.nvm/versions/node/v18.14.0/bin/node /Users/sachin/.nvm/versions/node/v18.14.0/bin/yarn

PATH: 
  /Users/sachin/.nvm/versions/node/v18.14.0/bin:/Users/sachin/.deno/bin:/Users/sachin/.orbstack/bin:/opt/homebrew/bin:/opt/homebrew/sbin:/usr/local/bin:/System/Cryptexes/App/usr/bin:/usr/bin:/bin:/usr/sbin:/sbin:/Users/sachin/.nvm/versions/node/v18.14.0/bin:/Users/sachin/.deno/bin:/Users/sachin/.orbstack/bin:/opt/homebrew/bin:/opt/homebrew/sbin:/Users/sachin/.yarn/bin

Yarn version: 
  1.22.19

Node version: 
  18.14.0

Platform: 
  darwin arm64

Trace: 
  Error: https://registry.yarnpkg.com/@zipper%2ftypes: Not found
      at params.callback [as _callback] (/Users/sachin/.nvm/versions/node/v18.14.0/lib/node_modules/yarn/lib/cli.js:66145:18)
      at self.callback (/Users/sachin/.nvm/versions/node/v18.14.0/lib/node_modules/yarn/lib/cli.js:140890:22)
      at Request.emit (node:events:513:28)
      at Request.<anonymous> (/Users/sachin/.nvm/versions/node/v18.14.0/lib/node_modules/yarn/lib/cli.js:141862:10)
      at Request.emit (node:events:513:28)
      at IncomingMessage.<anonymous> (/Users/sachin/.nvm/versions/node/v18.14.0/lib/node_modules/yarn/lib/cli.js:141784:12)
      at Object.onceWrapper (node:events:627:28)
      at IncomingMessage.emit (node:events:525:35)
      at endReadableNT (node:internal/streams/readable:1359:12)
      at process.processTicksAndRejections (node:internal/process/task_queues:82:21)

npm manifest: 
  {
    "name": "zipper-docs",
    "version": "0.0.1",
    "description": "Zipper docs",
    "scripts": {
      "dev": "next dev -p 3003",
      "build": "next build",
      "start": "next start"
    },
    "license": "MIT",
    "prettier": {
      "printWidth": 80,
      "trailingComma": "all",
      "singleQuote": true
    },
    "engines": {
      "node": "^18.14.0"
    },
    "dependencies": {
      "@chakra-ui/react": "^2.4.9",
      "@emotion/react": "^11.10.5",
      "@emotion/styled": "^11.10.5",
      "@fontsource/inter": "^4.5.15",
      "@sentry/nextjs": "^7.51.0",
      "@zipper/types": "*",
      "@zipper/ui": "*",
      "@zipper/utils": "*",
      "framer-motion": "^9.0.0",
      "next": "^13.4.17",
      "nextra": "^2.11.0",
      "nextra-theme-docs": "^2.11.0",
      "react": "^18.2.0",
      "react-dom": "^18.2.0",
      "react-icons": "^4.8.0",
      "sharp": "^0.32.4"
    },
    "devDependencies": {
      "@types/node": "^18.14.0",
      "typescript": "^4.5.3"
    }
  }

yarn manifest: 
  No manifest

Lockfile: 
  No lockfile
